<?xml version="1.0" encoding="utf-8"?><testsuites name="pytest tests"><testsuite name="pytest" errors="0" failures="0" skipped="0" tests="133" time="13.568" timestamp="2026-06-27T13:43:13.776772+00:00" hostname="agent-env-ff9133b9-e0f4-4bd3-80f1-eaea764f7ab0"><testcase classname="tests.test_annotation_overlay" name="test_no_annotations_returns_breakdown_unchanged" time="0.000" /><testcase classname="tests.test_annotation_overlay" name="test_shake_annotation_injects_as_accent" time="0.000" /><testcase classname="tests.test_annotation_overlay" name="test_multiple_annotations_merge" time="0.000" /><testcase classname="tests.test_annotation_overlay" name="test_zero_sqft_annotation_skipped" time="0.000" /><testcase classname="tests.test_annotation_overlay" name="test_case_insensitive_label_match" time="0.000" /><testcase classname="tests.test_annotation_overlay" name="test_annotation_on_unknown_elevation_creates_synthetic_row" time="0.000" /><testcase classname="tests.test_annotation_overlay" name="test_non_siding_annotations_dont_emit_accent" time="0.000" /><testcase classname="tests.test_annotation_overlay" name="test_scale_refs_key_ignored" time="0.000" /><testcase classname="tests.test_annotation_overlay" name="test_unknown_profile_skipped" time="0.000" /><testcase classname="tests.test_blueprint_annotator_wiring" name="test_render_pdf_to_pngs_helper_signature" time="0.000" /><testcase classname="tests.test_blueprint_annotator_wiring" name="test_blueprint_aggregator_accepts_annotations" time="0.000" /><testcase classname="tests.test_blueprint_annotator_wiring" name="test_blueprint_worker_accepts_estimate_id" time="0.000" /><testcase classname="tests.test_blueprint_annotator_wiring" name="test_blueprint_annotation_overlay_via_aggregator" time="0.000" /><testcase classname="tests.test_blueprint_annotator_wiring" name="test_blueprint_aggregator_works_without_annotations" time="0.000" /><testcase classname="tests.test_profile_siding_lines" name="test_single_profile_keeps_default_mapping" time="0.000" /><testcase classname="tests.test_profile_siding_lines" name="test_no_breakdown_keeps_default_mapping" time="0.000" /><testcase classname="tests.test_profile_siding_lines" name="test_multi_profile_emits_one_line_per_family_per_tab" time="0.000" /><testcase classname="tests.test_profile_siding_lines" name="test_build_lines_skips_default_when_multi_profile" time="0.000" /><testcase classname="tests.test_profile_siding_lines" name="test_lp_uses_pcs_unit_with_correct_conversion" time="0.000" /><testcase classname="tests.test_profile_siding_lines" name="test_stone_brick_excluded_from_siding_lines" time="0.000" /><testcase classname="tests.test_profile_siding_lines" name="test_zero_or_negative_sqft_skipped" time="0.000" /><testcase classname="tests.test_profile_siding_lines" name="test_unknown_family_silently_skipped" time="0.000" /><testcase classname="tests.test_profile_callouts" name="test_empty_input_returns_empty_string" time="0.000" /><testcase classname="tests.test_profile_callouts" name="test_dutch_lap_variants[DUTCH LAP]" time="0.000" /><testcase classname="tests.test_profile_callouts" name="test_dutch_lap_variants[Dutch Lap 5&quot;]" time="0.000" /><testcase classname="tests.test_profile_callouts" name="test_dutch_lap_variants[DUTCH LAP 4.5&quot;]" time="0.000" /><testcase classname="tests.test_profile_callouts" name="test_dutch_lap_variants[DL]" time="0.000" /><testcase classname="tests.test_profile_callouts" name="test_dutch_lap_variants[D4.5&quot;]" time="0.000" /><testcase classname="tests.test_profile_callouts" name="test_dutch_lap_variants[D 4&quot;]" time="0.000" /><testcase classname="tests.test_profile_callouts" name="test_dutch_lap_variants[D5]" time="0.000" /><testcase classname="tests.test_profile_callouts" name="test_dutch_lap_variants[dutch lap siding]" time="0.000" /><testcase classname="tests.test_profile_callouts" name="test_lap_variants[LAP 4&quot;]" time="0.000" /><testcase classname="tests.test_profile_callouts" name="test_lap_variants[LAP 5&quot;]" time="0.000" /><testcase classname="tests.test_profile_callouts" name="test_lap_variants[lap siding]" time="0.000" /><testcase classname="tests.test_profile_callouts" name="test_lap_variants[clapboard]" time="0.000" /><testcase classname="tests.test_profile_callouts" name="test_lap_variants[Clap]" time="0.000" /><testcase classname="tests.test_profile_callouts" name="test_lap_variants[VINYL]" time="0.000" /><testcase classname="tests.test_profile_callouts" name="test_lap_variants[Vinyl Siding]" time="0.000" /><testcase classname="tests.test_profile_callouts" name="test_shake_variants[SHAKE]" time="0.000" /><testcase classname="tests.test_profile_callouts" name="test_shake_variants[Shake]" time="0.000" /><testcase classname="tests.test_profile_callouts" name="test_shake_variants[SHAKER]" time="0.000" /><testcase classname="tests.test_profile_callouts" name="test_shake_variants[Shaker]" time="0.000" /><testcase classname="tests.test_profile_callouts" name="test_shake_variants[SHINGLES]" time="0.000" /><testcase classname="tests.test_profile_callouts" name="test_shake_variants[Shingle]" time="0.000" /><testcase classname="tests.test_profile_callouts" name="test_shake_variants[hand-split]" time="0.000" /><testcase classname="tests.test_profile_callouts" name="test_shake_variants[Hand Split Shake]" time="0.000" /><testcase classname="tests.test_profile_callouts" name="test_shake_variants[HAND SPLIT]" time="0.000" /><testcase classname="tests.test_profile_callouts" name="test_shake_variants[scallop]" time="0.000" /><testcase classname="tests.test_profile_callouts" name="test_shake_variants[Scallop accent]" time="0.000" /><testcase classname="tests.test_profile_callouts" name="test_shake_variants[fish scale]" time="0.000" /><testcase classname="tests.test_profile_callouts" name="test_shake_variants[FISH SCALE]" time="0.000" /><testcase classname="tests.test_profile_callouts" name="test_generic_siding_defaults_to_lap[SIDING]" time="0.000" /><testcase classname="tests.test_profile_callouts" name="test_generic_siding_defaults_to_lap[Siding]" time="0.000" /><testcase classname="tests.test_profile_callouts" name="test_generic_siding_defaults_to_lap[EXT SIDING]" time="0.000" /><testcase classname="tests.test_profile_callouts" name="test_generic_siding_defaults_to_lap[EXTERIOR SIDING]" time="0.000" /><testcase classname="tests.test_profile_callouts" name="test_generic_siding_defaults_to_lap[Ext Siding]" time="0.000" /><testcase classname="tests.test_profile_callouts" name="test_board_batten_variants[B&amp;B]" time="0.000" /><testcase classname="tests.test_profile_callouts" name="test_board_batten_variants[BB]" time="0.000" /><testcase classname="tests.test_profile_callouts" name="test_board_batten_variants[Board and Batten]" time="0.000" /><testcase classname="tests.test_profile_callouts" name="test_board_batten_variants[BOARD AND BATTEN]" time="0.000" /><testcase classname="tests.test_profile_callouts" name="test_board_batten_variants[Board &amp; Batten]" time="0.000" /><testcase classname="tests.test_profile_callouts" name="test_board_batten_variants[BNB]" time="0.000" /><testcase classname="tests.test_profile_callouts" name="test_board_batten_variants[MAB BNB 14&quot;]" time="0.000" /><testcase classname="tests.test_profile_callouts" name="test_board_batten_variants[ALS B&amp;B VERTICAL SDG]" time="0.000" /><testcase classname="tests.test_profile_callouts" name="test_board_batten_variants[batten]" time="0.000" /><testcase classname="tests.test_profile_callouts" name="test_board_batten_variants[battened]" time="0.000" /><testcase classname="tests.test_profile_callouts" name="test_vertical_variants[VERTICAL]" time="0.000" /><testcase classname="tests.test_profile_callouts" name="test_vertical_variants[Vertical siding]" time="0.000" /><testcase classname="tests.test_profile_callouts" name="test_vertical_variants[V/S]" time="0.000" /><testcase classname="tests.test_profile_callouts" name="test_vertical_variants[V SDG]" time="0.000" /><testcase classname="tests.test_profile_callouts" name="test_nickel_gap_variants[Nickel Gap]" time="0.000" /><testcase classname="tests.test_profile_callouts" name="test_nickel_gap_variants[NICKEL GAP]" time="0.000" /><testcase classname="tests.test_profile_callouts" name="test_nickel_gap_variants[NG]" time="0.000" /><testcase classname="tests.test_profile_callouts" name="test_stone_variants[STONE]" time="0.000" /><testcase classname="tests.test_profile_callouts" name="test_stone_variants[Stone]" time="0.000" /><testcase classname="tests.test_profile_callouts" name="test_stone_variants[STONE WATERTABLE]" time="0.000" /><testcase classname="tests.test_profile_callouts" name="test_stone_variants[stonework]" time="0.000" /><testcase classname="tests.test_profile_callouts" name="test_stone_variants[WATERTABLE]" time="0.000" /><testcase classname="tests.test_profile_callouts" name="test_stone_variants[Water Table]" time="0.000" /><testcase classname="tests.test_profile_callouts" name="test_brick_variants" time="0.000" /><testcase classname="tests.test_profile_callouts" name="test_stucco_variants" time="0.000" /><testcase classname="tests.test_profile_callouts" name="test_unknown_text" time="0.000" /><testcase classname="tests.test_profile_callouts" name="test_dutch_lap_beats_lap" time="0.000" /><testcase classname="tests.test_profile_callouts" name="test_bb_beats_vertical" time="0.000" /><testcase classname="tests.test_profile_callouts" name="test_is_siding_family" time="0.000" /><testcase classname="tests.test_profile_callouts" name="test_human_labels" time="0.000" /><testcase classname="tests.test_profile_callouts" name="test_campbell_blueprint_callouts" time="0.000" /><testcase classname="tests.test_gutter_geometry" name="test_downspout_drop_uses_avg_wall_height" time="0.000" /><testcase classname="tests.test_gutter_geometry" name="test_downspout_drop_falls_back_to_story_count" time="0.000" /><testcase classname="tests.test_gutter_geometry" name="test_downspout_drop_final_fallback" time="0.000" /><testcase classname="tests.test_gutter_geometry" name="test_downspout_lf_two_story_doubles_one_story" time="0.000" /><testcase classname="tests.test_gutter_geometry" name="test_downspout_zero_when_no_eaves" time="0.000" /><testcase classname="tests.test_gutter_geometry" name="test_mitre_count_gable_roof_zero_outside" time="0.000" /><testcase classname="tests.test_gutter_geometry" name="test_mitre_count_hip_roof_wraps" time="0.000" /><testcase classname="tests.test_gutter_geometry" name="test_mitre_count_l_shaped_house_with_inside_corner" time="0.000" /><testcase classname="tests.test_gutter_geometry" name="test_gutter_corner_count_basic" time="0.000" /><testcase classname="tests.test_gutter_geometry" name="test_pipe_clips_two_story_more_than_one_story" time="0.000" /><testcase classname="tests.test_gutter_geometry" name="test_pipe_clips_zero_when_no_downspouts" time="0.000" /><testcase classname="tests.test_gutter_geometry" name="test_sealant_count_gable_house" time="0.000" /><testcase classname="tests.test_gutter_geometry" name="test_sealant_zero_when_no_eaves" time="0.000" /><testcase classname="tests.test_gutter_geometry" name="test_build_lines_emits_new_gutter_accessories" time="0.000" /><testcase classname="tests.test_gutter_geometry" name="test_build_lines_skips_gutter_accessories_when_no_eaves" time="0.000" /><testcase classname="tests.test_gutter_geometry" name="test_build_lines_gable_house_emits_no_mitres_but_does_emit_clips" time="0.000" /><testcase classname="tests.test_cross_check_diff" name="test_normalize_canonical_families" time="0.000" /><testcase classname="tests.test_cross_check_diff" name="test_normalize_common_synonyms" time="0.000" /><testcase classname="tests.test_cross_check_diff" name="test_normalize_empty_and_unknown" time="0.000" /><testcase classname="tests.test_cross_check_diff" name="test_diff_no_conflicts_when_primary_matches_verified" time="0.000" /><testcase classname="tests.test_cross_check_diff" name="test_diff_flags_profile_conflict" time="0.000" /><testcase classname="tests.test_cross_check_diff" name="test_diff_suggests_new_accent_when_verifier_adds_one" time="0.000" /><testcase classname="tests.test_cross_check_diff" name="test_diff_does_not_re_suggest_existing_accent" time="0.000" /><testcase classname="tests.test_cross_check_diff" name="test_diff_handles_empty_primary" time="0.000" /><testcase classname="tests.test_cross_check_diff" name="test_diff_zero_or_negative_sqft_accent_skipped" time="0.000" /><testcase classname="tests.test_cross_check_diff" name="test_diff_gable_conflict_detected" time="0.000" /><testcase classname="tests.test_cross_check_diff" name="test_diff_case_insensitive_label_match" time="0.000" /><testcase classname="tests.test_hover_perimeter" name="test_coil_mapping_targets_both_window_brands" time="0.000" /><testcase classname="tests.test_hover_perimeter" name="test_perimeter_three_windows" time="0.000" /><testcase classname="tests.test_hover_perimeter" name="test_perimeter_empty_inputs" time="0.000" /><testcase classname="tests.test_hover_perimeter" name="test_perimeter_handles_missing_dimensions" time="0.000" /><testcase classname="tests.test_hover_perimeter" name="test_perimeter_large_batch_round_number" time="0.000" /><testcase classname="tests.test_hover_perimeter" name="test_build_lines_emits_both_tabs" time="0.000" /><testcase classname="tests.test_hover_perimeter" name="test_build_lines_skips_coil_when_no_windows" time="0.000" /><testcase classname="tests.test_blueprint_page_paths_http" name="test_blueprint_upload_returns_page_paths" time="0.641" /><testcase classname="tests.test_blueprint_page_paths_http" name="test_each_page_is_reachable_via_uploads" time="9.596" /><testcase classname="tests.test_blueprint_page_paths_http" name="test_latest_for_estimate_returns_same_page_paths" time="0.061" /><testcase classname="tests.test_profile_annotations_http.TestProfileAnnotationEndpoints" name="test_get_returns_empty_default" time="0.531" /><testcase classname="tests.test_profile_annotations_http.TestProfileAnnotationEndpoints" name="test_put_then_get_roundtrip" time="0.139" /><testcase classname="tests.test_profile_annotations_http.TestProfileAnnotationAuth" name="test_get_unauthenticated" time="0.144" /><testcase classname="tests.test_profile_annotations_http.TestProfileAnnotationAuth" name="test_put_unauthenticated" time="0.100" /><testcase classname="tests.test_profile_annotations_http.TestProfileAnnotationAuth" name="test_get_wrong_est_id" time="0.043" /><testcase classname="tests.test_profile_annotations_http.TestProfileAnnotationAuth" name="test_put_wrong_est_id" time="0.043" /><testcase classname="tests.test_profile_annotations_http.TestProfileAnnotationAuth" name="test_put_missing_annotations_key" time="0.042" /><testcase classname="tests.test_profile_annotations_http.TestAggregateToHoverShapeAnnotations" name="test_annotation_injects_shake_accent_on_lap_house" time="0.000" /><testcase classname="tests.test_profile_annotations_http.TestAggregateToHoverShapeAnnotations" name="test_no_annotations_passthrough" time="0.001" /></testsuite></testsuites>