<?xml version="1.0" encoding="utf-8"?><testsuites name="pytest tests"><testsuite name="pytest" errors="0" failures="0" skipped="0" tests="29" time="4.424" timestamp="2026-06-24T00:55:49.416174+00:00" hostname="agent-env-ff9133b9-e0f4-4bd3-80f1-eaea764f7ab0"><testcase classname="tests.test_hover_perimeter" name="test_coil_mapping_targets_both_window_brands" time="0.000" /><testcase classname="tests.test_hover_perimeter" name="test_perimeter_three_windows" time="0.000" /><testcase classname="tests.test_hover_perimeter" name="test_perimeter_empty_inputs" time="0.000" /><testcase classname="tests.test_hover_perimeter" name="test_perimeter_handles_missing_dimensions" time="0.000" /><testcase classname="tests.test_hover_perimeter" name="test_perimeter_large_batch_round_number" time="0.000" /><testcase classname="tests.test_hover_perimeter" name="test_build_lines_emits_both_tabs" time="0.000" /><testcase classname="tests.test_hover_perimeter" name="test_build_lines_skips_coil_when_no_windows" time="0.000" /><testcase classname="tests.test_pricing_parity" name="test_spot_check_prices_unchanged[Charter Oak Standard color Clap 4.5&quot; .046-prices0]" time="0.000" /><testcase classname="tests.test_pricing_parity" name="test_spot_check_prices_unchanged[Starter-prices1]" time="0.000" /><testcase classname="tests.test_pricing_parity" name="test_spot_check_prices_unchanged[Pelican Bay Shakes 9&quot;-prices2]" time="0.000" /><testcase classname="tests.test_pricing_parity" name="test_spot_check_prices_unchanged[Tear-Off-prices3]" time="0.000" /><testcase classname="tests.test_pricing_parity" name="test_spot_check_prices_unchanged[Vero - Double Hung 0-101 UI-prices4]" time="0.000" /><testcase classname="tests.test_pricing_parity" name="test_spot_check_prices_unchanged[38 Series Lap 3/8&quot; x 8&quot; x 16'-prices5]" time="0.000" /><testcase classname="tests.test_pricing_parity" name="test_all_tiers_have_same_item_set" time="0.000" /><testcase classname="tests.test_pricing_parity" name="test_identical_prices_truly_identical" time="0.000" /><testcase classname="tests.test_pricing_parity" name="test_zero_priced_are_zero" time="0.000" /><testcase classname="tests.test_pricing_parity" name="test_per_tier_prices_round_trip" time="0.000" /><testcase classname="tests.test_pricing_parity" name="test_no_overlap_between_buckets" time="0.000" /><testcase classname="tests.test_j_channel_formula" name="test_typical_house_with_entry_door" time="0.000" /><testcase classname="tests.test_j_channel_formula" name="test_house_with_garage_door" time="0.000" /><testcase classname="tests.test_j_channel_formula" name="test_zero_inputs" time="0.000" /><testcase classname="tests.test_j_channel_formula" name="test_rounds_up_not_to_nearest" time="0.000" /><testcase classname="tests.test_j_channel_formula" name="test_entry_door_subtraction_clamped_at_zero" time="0.000" /><testcase classname="tests.test_j_channel_formula" name="test_only_rakes" time="0.000" /><testcase classname="tests.test_j_channel_formula" name="test_letrick_reconciliation" time="0.000" /><testcase classname="tests.test_lp_waste_roundtrip" name="test_lp_kind_persisted" time="0.497" /><testcase classname="tests.test_lp_waste_roundtrip" name="test_lp_soffit_type_default_mix" time="0.000" /><testcase classname="tests.test_lp_waste_roundtrip" name="test_raw_qty_roundtrip" time="0.096" /><testcase classname="tests.test_lp_waste_roundtrip" name="test_raw_qty_optional_omitted" time="0.157" /></testsuite></testsuites>