<?xml version="1.0" encoding="utf-8"?><testsuites name="pytest tests"><testsuite name="pytest" errors="0" failures="0" skipped="0" tests="6" time="1.794" timestamp="2026-06-08T00:35:22.431585+00:00" hostname="agent-env-ff9133b9-e0f4-4bd3-80f1-eaea764f7ab0"><testcase classname="tests.test_estimate_pairing" name="test_pair_requires_auth" time="0.156" /><testcase classname="tests.test_estimate_pairing" name="test_pair_non_existent_returns_404" time="0.393" /><testcase classname="tests.test_estimate_pairing" name="test_siding_to_windows_pair_and_idempotency" time="0.206" /><testcase classname="tests.test_estimate_pairing" name="test_windows_no_suffix_pair_creates_S" time="0.106" /><testcase classname="tests.test_estimate_pairing" name="test_windows_with_W_suffix_strips" time="0.100" /><testcase classname="tests.test_estimate_pairing" name="test_list_estimates_includes_paired_metadata" time="0.752" /></testsuite></testsuites>