<?xml version="1.0" encoding="utf-8"?><testsuites name="pytest tests"><testsuite name="pytest" errors="0" failures="0" skipped="0" tests="8" time="1.767" timestamp="2026-06-07T13:37:54.191898+00:00" hostname="agent-env-ff9133b9-e0f4-4bd3-80f1-eaea764f7ab0"><testcase classname="tests.test_mezzo_pricing.TestAdminMezzoGet" name="test_get_with_valid_token_returns_full_matrix" time="0.200" /><testcase classname="tests.test_mezzo_pricing.TestAdminMezzoGet" name="test_get_without_token_forbidden" time="0.105" /><testcase classname="tests.test_mezzo_pricing.TestAdminMezzoPut" name="test_put_round_trip_and_restore" time="0.612" /><testcase classname="tests.test_mezzo_pricing.TestAdminMezzoPut" name="test_put_invalid_tier_400" time="0.107" /><testcase classname="tests.test_mezzo_pricing.TestAdminMezzoPut" name="test_put_invalid_product_400" time="0.103" /><testcase classname="tests.test_mezzo_pricing.TestMezzoCatalog" name="test_catalog_returns_real_prices" time="0.384" /><testcase classname="tests.test_mezzo_pricing.TestMezzoCatalog" name="test_catalog_has_nonzero_prices" time="0.057" /><testcase classname="tests.test_mezzo_pricing.TestMezzoSeedIdempotent" name="test_seed_twice_no_duplicates" time="0.114" /></testsuite></testsuites>