<?xml version="1.0" encoding="utf-8"?><testsuites name="pytest tests"><testsuite name="pytest" errors="0" failures="0" skipped="0" tests="11" time="3.773" timestamp="2026-06-07T16:20:06.543567+00:00" hostname="agent-env-ff9133b9-e0f4-4bd3-80f1-eaea764f7ab0"><testcase classname="tests.test_vero_iter_b" name="test_admin_matrix_includes_products_meta_with_sizing" time="0.135" /><testcase classname="tests.test_vero_iter_b" name="test_casement_has_three_sister_colors_including_laminate" time="0.457" /><testcase classname="tests.test_vero_iter_b" name="test_patio_door_has_three_fixed_models" time="0.495" /><testcase classname="tests.test_vero_iter_b" name="test_estimate_roundtrips_vero_openings" time="0.786" /><testcase classname="tests.test_vero_pricing" name="test_admin_get_matrix_returns_4_tiers_6_products" time="0.125" /><testcase classname="tests.test_vero_pricing" name="test_admin_get_matrix_requires_token" time="0.097" /><testcase classname="tests.test_vero_pricing" name="test_admin_put_invalid_tier_rejected" time="0.133" /><testcase classname="tests.test_vero_pricing" name="test_admin_put_invalid_product_rejected" time="0.116" /><testcase classname="tests.test_vero_pricing" name="test_admin_put_roundtrip" time="0.456" /><testcase classname="tests.test_vero_pricing" name="test_contractor_catalog_returns_full_payload" time="0.453" /><testcase classname="tests.test_vero_pricing" name="test_catalog_includes_glass_packages_and_premium_options" time="0.450" /></testsuite></testsuites>