<?xml version="1.0" encoding="utf-8"?><testsuites name="pytest tests"><testsuite name="pytest" errors="0" failures="0" skipped="0" tests="17" time="4.119" timestamp="2026-05-23T12:08:59.301505+00:00" hostname="agent-env-ff9133b9-e0f4-4bd3-80f1-eaea764f7ab0"><testcase classname="backend.tests.test_estimator_api.TestAuth" name="test_root" time="0.217" /><testcase classname="backend.tests.test_estimator_api.TestAuth" name="test_register_sets_cookie" time="0.384" /><testcase classname="backend.tests.test_estimator_api.TestAuth" name="test_register_duplicate_email" time="0.472" /><testcase classname="backend.tests.test_estimator_api.TestAuth" name="test_login_admin" time="0.378" /><testcase classname="backend.tests.test_estimator_api.TestAuth" name="test_login_wrong_password" time="0.330" /><testcase classname="backend.tests.test_estimator_api.TestAuth" name="test_logout_clears_cookie" time="0.522" /><testcase classname="backend.tests.test_estimator_api.TestAuth" name="test_estimates_requires_auth" time="0.126" /><testcase classname="backend.tests.test_estimator_api.TestCatalog" name="test_get_catalog_defaults" time="0.096" /><testcase classname="backend.tests.test_estimator_api.TestCatalog" name="test_update_catalog" time="0.140" /><testcase classname="backend.tests.test_estimator_api.TestCatalog" name="test_reset_catalog" time="0.094" /><testcase classname="backend.tests.test_estimator_api.TestEstimates" name="test_create_list_get" time="0.140" /><testcase classname="backend.tests.test_estimator_api.TestEstimates" name="test_update_estimate" time="0.091" /><testcase classname="backend.tests.test_estimator_api.TestEstimates" name="test_user_isolation" time="0.489" /><testcase classname="backend.tests.test_estimator_api.TestEstimates" name="test_delete_estimate" time="0.093" /><testcase classname="backend.tests.test_estimator_api.TestUploads" name="test_upload_and_serve" time="0.159" /><testcase classname="backend.tests.test_estimator_api.TestEmail" name="test_email_status_unconfigured" time="0.044" /><testcase classname="backend.tests.test_estimator_api.TestEmail" name="test_email_send_returns_503" time="0.144" /></testsuite></testsuites>