<?xml version="1.0" encoding="utf-8"?><testsuites name="pytest tests"><testsuite name="pytest" errors="0" failures="0" skipped="0" tests="4" time="0.912" timestamp="2026-06-24T00:44:57.456023+00:00" hostname="agent-env-ff9133b9-e0f4-4bd3-80f1-eaea764f7ab0"><testcase classname="tests.test_lp_waste_roundtrip" name="test_lp_kind_persisted" time="0.473" /><testcase classname="tests.test_lp_waste_roundtrip" name="test_lp_soffit_type_default_mix" time="0.000" /><testcase classname="tests.test_lp_waste_roundtrip" name="test_raw_qty_roundtrip" time="0.098" /><testcase classname="tests.test_lp_waste_roundtrip" name="test_raw_qty_optional_omitted" time="0.144" /></testsuite></testsuites>